Fri Jan 21 10:51:19 EST 2011  [debug] AvalonLogChute initialized using file 'velocity.log'
Fri Jan 21 10:51:19 EST 2011  [trace] *******************************************************************
Fri Jan 21 10:51:19 EST 2011  [debug] Starting Apache Velocity v1.5 (compiled: 2007-02-22 08:52:29)
Fri Jan 21 10:51:19 EST 2011  [trace] RuntimeInstance initializing.
Fri Jan 21 10:51:19 EST 2011  [debug] Default Properties File: org/apache/velocity/runtime/defaults/velocity.properties
Fri Jan 21 10:51:19 EST 2011  [debug] Trying to use logger class org.apache.velocity.runtime.log.AvalonLogChute
Fri Jan 21 10:51:19 EST 2011  [debug] Using logger class org.apache.velocity.runtime.log.AvalonLogChute
Fri Jan 21 10:51:19 EST 2011  [debug] Default ResourceManager initializing. (class org.apache.velocity.runtime.resource.ResourceManagerImpl)
Fri Jan 21 10:51:19 EST 2011  [debug] ResourceLoader instantiated: org.apache.velocity.runtime.resource.loader.JarResourceLoader
Fri Jan 21 10:51:19 EST 2011  [trace] JarResourceLoader : initialization starting.
Fri Jan 21 10:51:19 EST 2011  [debug] JarResourceLoader # of paths : 1
Fri Jan 21 10:51:19 EST 2011  [debug] JarResourceLoader : trying to load "jar:file:/fs/narahomes/toaster/.m2/repository/org/codehaus/mojo/webstart/webstart-maven-plugin/1.0-beta-1/webstart-maven-plugin-1.0-beta-1.jar!/"
Fri Jan 21 10:51:19 EST 2011  [debug] JarHolder: attempting to connect to jar:file:/fs/narahomes/toaster/.m2/repository/org/codehaus/mojo/webstart/webstart-maven-plugin/1.0-beta-1/webstart-maven-plugin-1.0-beta-1.jar!/
Fri Jan 21 10:51:19 EST 2011  [debug] JarHolder: initialized JAR: jar:file:/fs/narahomes/toaster/.m2/repository/org/codehaus/mojo/webstart/webstart-maven-plugin/1.0-beta-1/webstart-maven-plugin-1.0-beta-1.jar!/
Fri Jan 21 10:51:19 EST 2011  [trace] JarResourceLoader : initialization complete.
Fri Jan 21 10:51:19 EST 2011  [debug] ResourceCache: initialized (class org.apache.velocity.runtime.resource.ResourceCacheImpl)
Fri Jan 21 10:51:19 EST 2011  [trace] Default ResourceManager initialization complete.
Fri Jan 21 10:51:19 EST 2011  [debug] Loaded System Directive: org.apache.velocity.runtime.directive.Literal
Fri Jan 21 10:51:19 EST 2011  [debug] Loaded System Directive: org.apache.velocity.runtime.directive.Macro
Fri Jan 21 10:51:19 EST 2011  [debug] Loaded System Directive: org.apache.velocity.runtime.directive.Parse
Fri Jan 21 10:51:19 EST 2011  [debug] Loaded System Directive: org.apache.velocity.runtime.directive.Include
Fri Jan 21 10:51:19 EST 2011  [debug] Loaded System Directive: org.apache.velocity.runtime.directive.Foreach
Fri Jan 21 10:51:19 EST 2011  [debug] Created '20' parsers.
Fri Jan 21 10:51:19 EST 2011  [trace] Velocimacro : initialization starting.
Fri Jan 21 10:51:19 EST 2011  [debug] Velocimacro : "velocimacro.library" is not set.  Trying default library: VM_global_library.vm
Fri Jan 21 10:51:19 EST 2011  [debug] Velocimacro : Default library not found.
Fri Jan 21 10:51:19 EST 2011  [debug] Velocimacro : allowInline = true : VMs can be defined inline in templates
Fri Jan 21 10:51:19 EST 2011  [debug] Velocimacro : allowInlineToOverride = false : VMs defined inline may NOT replace previous VM definitions
Fri Jan 21 10:51:19 EST 2011  [debug] Velocimacro : allowInlineLocal = false : VMs defined inline will be global in scope if allowed.
Fri Jan 21 10:51:19 EST 2011  [debug] Velocimacro : autoload off : VM system will not automatically reload global library macros
Fri Jan 21 10:51:19 EST 2011  [trace] Velocimacro : Velocimacro : initialization complete.
Fri Jan 21 10:51:19 EST 2011  [trace] RuntimeInstance successfully initialized.
Fri Jan 21 10:51:19 EST 2011  [debug] ResourceManager : found default-jnlp-template.vm with loader org.apache.velocity.runtime.resource.loader.JarResourceLoader
